Start testing: Nov 24 11:46 Mitteleuropäische Zeit
----------------------------------------------------------
1/3 Testing: FizzBuzz computes the correct sequence
1/3 Test: FizzBuzz computes the correct sequence
Command: "L:/Documents/Uni/5. Semester/Algorithm Engeniering/Algorithm-Engineering-Course/answers/EA5/fizzbuzz/build/tests/test_fizzbuzz.exe" "FizzBuzz computes the correct sequence"
Directory: L:/Documents/Uni/5. Semester/Algorithm Engeniering/Algorithm-Engineering-Course/answers/EA5/fizzbuzz/build/tests
"FizzBuzz computes the correct sequence" start time: Nov 24 11:46 Mitteleuropäische Zeit
Output:
----------------------------------------------------------
Filters: "FizzBuzz computes the correct sequence"
Randomness seeded to: 2610747558
===============================================================================
All tests passed (2 assertions in 1 test case)

<end of output>
Test time =   0.01 sec
----------------------------------------------------------
Test Passed.
"FizzBuzz computes the correct sequence" end time: Nov 24 11:46 Mitteleuropäische Zeit
"FizzBuzz computes the correct sequence" time elapsed: 00:00:00
----------------------------------------------------------

2/3 Testing: Test positives
2/3 Test: Test positives
Command: "L:/Documents/Uni/5. Semester/Algorithm Engeniering/Algorithm-Engineering-Course/answers/EA5/fizzbuzz/build/tests/test_fizzbuzz.exe" "Test positives"
Directory: L:/Documents/Uni/5. Semester/Algorithm Engeniering/Algorithm-Engineering-Course/answers/EA5/fizzbuzz/build/tests
"Test positives" start time: Nov 24 11:46 Mitteleuropäische Zeit
Output:
----------------------------------------------------------
Filters: "Test positives"
Randomness seeded to: 3527923757
===============================================================================
All tests passed (57 assertions in 1 test case)

<end of output>
Test time =   0.01 sec
----------------------------------------------------------
Test Passed.
"Test positives" end time: Nov 24 11:46 Mitteleuropäische Zeit
"Test positives" time elapsed: 00:00:00
----------------------------------------------------------

3/3 Testing: Test negatives
3/3 Test: Test negatives
Command: "L:/Documents/Uni/5. Semester/Algorithm Engeniering/Algorithm-Engineering-Course/answers/EA5/fizzbuzz/build/tests/test_fizzbuzz.exe" "Test negatives"
Directory: L:/Documents/Uni/5. Semester/Algorithm Engeniering/Algorithm-Engineering-Course/answers/EA5/fizzbuzz/build/tests
"Test negatives" start time: Nov 24 11:46 Mitteleuropäische Zeit
Output:
----------------------------------------------------------
Filters: "Test negatives"
Randomness seeded to: 25400466
===============================================================================
All tests passed (10 assertions in 1 test case)

<end of output>
Test time =   0.01 sec
----------------------------------------------------------
Test Passed.
"Test negatives" end time: Nov 24 11:46 Mitteleuropäische Zeit
"Test negatives" time elapsed: 00:00:00
----------------------------------------------------------

End testing: Nov 24 11:46 Mitteleuropäische Zeit
